

Started GET "/" for 127.0.0.1 at 2014-08-21 17:24:51 -0300

ActiveRecord::PendingMigrationError (

Migrations are pending. To resolve this issue, run:

	bin/rake db:migrate RAILS_ENV=development

):
  activerecord (4.1.1) lib/active_record/migration.rb:389:in `check_pending!'
  activerecord (4.1.1) lib/active_record/migration.rb:377:in `call'
  actionpack (4.1.1) lib/action_dispatch/middleware/callbacks.rb:29:in `block in call'
  activesupport (4.1.1) lib/active_support/callbacks.rb:82:in `run_callbacks'
  actionpack (4.1.1) lib/action_dispatch/middleware/callbacks.rb:27:in `call'
  actionpack (4.1.1) lib/action_dispatch/middleware/reloader.rb:73:in `call'
  actionpack (4.1.1) lib/action_dispatch/middleware/remote_ip.rb:76:in `call'
  actionpack (4.1.1) lib/action_dispatch/middleware/debug_exceptions.rb:17:in `call'
  actionpack (4.1.1) lib/action_dispatch/middleware/show_exceptions.rb:30:in `call'
  railties (4.1.1) lib/rails/rack/logger.rb:38:in `call_app'
  railties (4.1.1) lib/rails/rack/logger.rb:20:in `block in call'
  activesupport (4.1.1) lib/active_support/tagged_logging.rb:68:in `block in tagged'
  activesupport (4.1.1) lib/active_support/tagged_logging.rb:26:in `tagged'
  activesupport (4.1.1) lib/active_support/tagged_logging.rb:68:in `tagged'
  railties (4.1.1) lib/rails/rack/logger.rb:20:in `call'
  actionpack (4.1.1) lib/action_dispatch/middleware/request_id.rb:21:in `call'
  rack (1.5.2) lib/rack/methodoverride.rb:21:in `call'
  rack (1.5.2) lib/rack/runtime.rb:17:in `call'
  activesupport (4.1.1) lib/active_support/cache/strategy/local_cache_middleware.rb:26:in `call'
  rack (1.5.2) lib/rack/lock.rb:17:in `call'
  actionpack (4.1.1) lib/action_dispatch/middleware/static.rb:64:in `call'
  rack (1.5.2) lib/rack/sendfile.rb:112:in `call'
  railties (4.1.1) lib/rails/engine.rb:514:in `call'
  railties (4.1.1) lib/rails/application.rb:144:in `call'
  rack (1.5.2) lib/rack/lock.rb:17:in `call'
  rack (1.5.2) lib/rack/content_length.rb:14:in `call'
  rack (1.5.2) lib/rack/handler/webrick.rb:60:in `service'
  /home/marcelo/.rvm/rubies/ruby-2.1.2/lib/ruby/2.1.0/webrick/httpserver.rb:138:in `service'
  /home/marcelo/.rvm/rubies/ruby-2.1.2/lib/ruby/2.1.0/webrick/httpserver.rb:94:in `run'
  /home/marcelo/.rvm/rubies/ruby-2.1.2/lib/ruby/2.1.0/webrick/server.rb:295:in `block in start_thread'


  Rendered /home/marcelo/.rvm/gems/ruby-2.1.2/gems/actionpack-4.1.1/lib/action_dispatch/middleware/templates/rescues/_source.erb (1.0ms)
  Rendered /home/marcelo/.rvm/gems/ruby-2.1.2/gems/actionpack-4.1.1/lib/action_dispatch/middleware/templates/rescues/_trace.html.erb (0.8ms)
  Rendered /home/marcelo/.rvm/gems/ruby-2.1.2/gems/actionpack-4.1.1/lib/action_dispatch/middleware/templates/rescues/_request_and_response.html.erb (0.7ms)
  Rendered /home/marcelo/.rvm/gems/ruby-2.1.2/gems/actionpack-4.1.1/lib/action_dispatch/middleware/templates/rescues/diagnostics.erb within rescues/layout (22.4ms)


Started GET "/" for 127.0.0.1 at 2014-08-21 17:24:53 -0300

ActiveRecord::PendingMigrationError (

Migrations are pending. To resolve this issue, run:

	bin/rake db:migrate RAILS_ENV=development

):
  activerecord (4.1.1) lib/active_record/migration.rb:389:in `check_pending!'
  activerecord (4.1.1) lib/active_record/migration.rb:377:in `call'
  actionpack (4.1.1) lib/action_dispatch/middleware/callbacks.rb:29:in `block in call'
  activesupport (4.1.1) lib/active_support/callbacks.rb:82:in `run_callbacks'
  actionpack (4.1.1) lib/action_dispatch/middleware/callbacks.rb:27:in `call'
  actionpack (4.1.1) lib/action_dispatch/middleware/reloader.rb:73:in `call'
  actionpack (4.1.1) lib/action_dispatch/middleware/remote_ip.rb:76:in `call'
  actionpack (4.1.1) lib/action_dispatch/middleware/debug_exceptions.rb:17:in `call'
  actionpack (4.1.1) lib/action_dispatch/middleware/show_exceptions.rb:30:in `call'
  railties (4.1.1) lib/rails/rack/logger.rb:38:in `call_app'
  railties (4.1.1) lib/rails/rack/logger.rb:20:in `block in call'
  activesupport (4.1.1) lib/active_support/tagged_logging.rb:68:in `block in tagged'
  activesupport (4.1.1) lib/active_support/tagged_logging.rb:26:in `tagged'
  activesupport (4.1.1) lib/active_support/tagged_logging.rb:68:in `tagged'
  railties (4.1.1) lib/rails/rack/logger.rb:20:in `call'
  actionpack (4.1.1) lib/action_dispatch/middleware/request_id.rb:21:in `call'
  rack (1.5.2) lib/rack/methodoverride.rb:21:in `call'
  rack (1.5.2) lib/rack/runtime.rb:17:in `call'
  activesupport (4.1.1) lib/active_support/cache/strategy/local_cache_middleware.rb:26:in `call'
  rack (1.5.2) lib/rack/lock.rb:17:in `call'
  actionpack (4.1.1) lib/action_dispatch/middleware/static.rb:64:in `call'
  rack (1.5.2) lib/rack/sendfile.rb:112:in `call'
  railties (4.1.1) lib/rails/engine.rb:514:in `call'
  railties (4.1.1) lib/rails/application.rb:144:in `call'
  rack (1.5.2) lib/rack/lock.rb:17:in `call'
  rack (1.5.2) lib/rack/content_length.rb:14:in `call'
  rack (1.5.2) lib/rack/handler/webrick.rb:60:in `service'
  /home/marcelo/.rvm/rubies/ruby-2.1.2/lib/ruby/2.1.0/webrick/httpserver.rb:138:in `service'
  /home/marcelo/.rvm/rubies/ruby-2.1.2/lib/ruby/2.1.0/webrick/httpserver.rb:94:in `run'
  /home/marcelo/.rvm/rubies/ruby-2.1.2/lib/ruby/2.1.0/webrick/server.rb:295:in `block in start_thread'


  Rendered /home/marcelo/.rvm/gems/ruby-2.1.2/gems/actionpack-4.1.1/lib/action_dispatch/middleware/templates/rescues/_source.erb (0.4ms)
  Rendered /home/marcelo/.rvm/gems/ruby-2.1.2/gems/actionpack-4.1.1/lib/action_dispatch/middleware/templates/rescues/_trace.html.erb (0.9ms)
  Rendered /home/marcelo/.rvm/gems/ruby-2.1.2/gems/actionpack-4.1.1/lib/action_dispatch/middleware/templates/rescues/_request_and_response.html.erb (0.7ms)
  Rendered /home/marcelo/.rvm/gems/ruby-2.1.2/gems/actionpack-4.1.1/lib/action_dispatch/middleware/templates/rescues/diagnostics.erb within rescues/layout (11.4ms)
  [1m[36m (151.9ms)[0m  [1mCREATE TABLE "schema_migrations" ("version" varchar(255) NOT NULL) [0m
  [1m[35m (0.2ms)[0m  select sqlite_version(*)
  [1m[36m (124.4ms)[0m  [1mCREATE UNIQUE INDEX "unique_schema_migrations" ON "schema_migrations" ("version")[0m
  [1m[35mActiveRecord::SchemaMigration Load (0.2ms)[0m  SELECT "schema_migrations".* FROM "schema_migrations"
Migrating to CreateCandidates (20140821202424)
  [1m[36m (0.1ms)[0m  [1mbegin transaction[0m
  [1m[35m (0.7ms)[0m  CREATE TABLE "candidates" ("id" INTEGER PRIMARY KEY AUTOINCREMENT NOT NULL, "name" varchar(255), "cpf" integer, "birthdate" date, "gender" varchar(255), "created_at" datetime, "updated_at" datetime) 
  [1m[36mSQL (0.1ms)[0m  [1mINSERT INTO "schema_migrations" ("version") VALUES (?)[0m  [["version", "20140821202424"]]
  [1m[35m (137.6ms)[0m  commit transaction
  [1m[36mActiveRecord::SchemaMigration Load (0.2ms)[0m  [1mSELECT "schema_migrations".* FROM "schema_migrations"[0m


Started GET "/" for 127.0.0.1 at 2014-08-21 17:25:33 -0300
  [1m[36mActiveRecord::SchemaMigration Load (0.2ms)[0m  [1mSELECT "schema_migrations".* FROM "schema_migrations"[0m
Processing by Rails::WelcomeController#index as HTML
  Rendered /home/marcelo/.rvm/gems/ruby-2.1.2/gems/railties-4.1.1/lib/rails/templates/rails/welcome/index.html.erb (0.5ms)
Completed 200 OK in 8ms (Views: 1.3ms | ActiveRecord: 0.0ms)


Started GET "/" for 127.0.0.1 at 2014-08-21 17:26:15 -0300

ActionController::RoutingError (uninitialized constant WelcomeController):
  activesupport (4.1.1) lib/active_support/inflector/methods.rb:238:in `const_get'
  activesupport (4.1.1) lib/active_support/inflector/methods.rb:238:in `block in constantize'
  activesupport (4.1.1) lib/active_support/inflector/methods.rb:236:in `each'
  activesupport (4.1.1) lib/active_support/inflector/methods.rb:236:in `inject'
  activesupport (4.1.1) lib/active_support/inflector/methods.rb:236:in `constantize'
  actionpack (4.1.1) lib/action_dispatch/routing/route_set.rb:76:in `controller_reference'
  actionpack (4.1.1) lib/action_dispatch/routing/route_set.rb:66:in `controller'
  actionpack (4.1.1) lib/action_dispatch/routing/route_set.rb:44:in `call'
  actionpack (4.1.1) lib/action_dispatch/journey/router.rb:71:in `block in call'
  actionpack (4.1.1) lib/action_dispatch/journey/router.rb:59:in `each'
  actionpack (4.1.1) lib/action_dispatch/journey/router.rb:59:in `call'
  actionpack (4.1.1) lib/action_dispatch/routing/route_set.rb:676:in `call'
  rack (1.5.2) lib/rack/etag.rb:23:in `call'
  rack (1.5.2) lib/rack/conditionalget.rb:25:in `call'
  rack (1.5.2) lib/rack/head.rb:11:in `call'
  actionpack (4.1.1) lib/action_dispatch/middleware/params_parser.rb:27:in `call'
  actionpack (4.1.1) lib/action_dispatch/middleware/flash.rb:254:in `call'
  rack (1.5.2) lib/rack/session/abstract/id.rb:225:in `context'
  rack (1.5.2) lib/rack/session/abstract/id.rb:220:in `call'
  actionpack (4.1.1) lib/action_dispatch/middleware/cookies.rb:560:in `call'
  activerecord (4.1.1) lib/active_record/query_cache.rb:36:in `call'
  activerecord (4.1.1) lib/active_record/connection_adapters/abstract/connection_pool.rb:621:in `call'
  activerecord (4.1.1) lib/active_record/migration.rb:380:in `call'
  actionpack (4.1.1) lib/action_dispatch/middleware/callbacks.rb:29:in `block in call'
  activesupport (4.1.1) lib/active_support/callbacks.rb:82:in `run_callbacks'
  actionpack (4.1.1) lib/action_dispatch/middleware/callbacks.rb:27:in `call'
  actionpack (4.1.1) lib/action_dispatch/middleware/reloader.rb:73:in `call'
  actionpack (4.1.1) lib/action_dispatch/middleware/remote_ip.rb:76:in `call'
  actionpack (4.1.1) lib/action_dispatch/middleware/debug_exceptions.rb:17:in `call'
  actionpack (4.1.1) lib/action_dispatch/middleware/show_exceptions.rb:30:in `call'
  railties (4.1.1) lib/rails/rack/logger.rb:38:in `call_app'
  railties (4.1.1) lib/rails/rack/logger.rb:20:in `block in call'
  activesupport (4.1.1) lib/active_support/tagged_logging.rb:68:in `block in tagged'
  activesupport (4.1.1) lib/active_support/tagged_logging.rb:26:in `tagged'
  activesupport (4.1.1) lib/active_support/tagged_logging.rb:68:in `tagged'
  railties (4.1.1) lib/rails/rack/logger.rb:20:in `call'
  actionpack (4.1.1) lib/action_dispatch/middleware/request_id.rb:21:in `call'
  rack (1.5.2) lib/rack/methodoverride.rb:21:in `call'
  rack (1.5.2) lib/rack/runtime.rb:17:in `call'
  activesupport (4.1.1) lib/active_support/cache/strategy/local_cache_middleware.rb:26:in `call'
  rack (1.5.2) lib/rack/lock.rb:17:in `call'
  actionpack (4.1.1) lib/action_dispatch/middleware/static.rb:64:in `call'
  rack (1.5.2) lib/rack/sendfile.rb:112:in `call'
  railties (4.1.1) lib/rails/engine.rb:514:in `call'
  railties (4.1.1) lib/rails/application.rb:144:in `call'
  rack (1.5.2) lib/rack/lock.rb:17:in `call'
  rack (1.5.2) lib/rack/content_length.rb:14:in `call'
  rack (1.5.2) lib/rack/handler/webrick.rb:60:in `service'
  /home/marcelo/.rvm/rubies/ruby-2.1.2/lib/ruby/2.1.0/webrick/httpserver.rb:138:in `service'
  /home/marcelo/.rvm/rubies/ruby-2.1.2/lib/ruby/2.1.0/webrick/httpserver.rb:94:in `run'
  /home/marcelo/.rvm/rubies/ruby-2.1.2/lib/ruby/2.1.0/webrick/server.rb:295:in `block in start_thread'


  Rendered /home/marcelo/.rvm/gems/ruby-2.1.2/gems/actionpack-4.1.1/lib/action_dispatch/middleware/templates/rescues/_trace.html.erb (0.9ms)
  Rendered /home/marcelo/.rvm/gems/ruby-2.1.2/gems/actionpack-4.1.1/lib/action_dispatch/middleware/templates/routes/_route.html.erb (1.1ms)
  Rendered /home/marcelo/.rvm/gems/ruby-2.1.2/gems/actionpack-4.1.1/lib/action_dispatch/middleware/templates/routes/_table.html.erb (4.3ms)
  Rendered /home/marcelo/.rvm/gems/ruby-2.1.2/gems/actionpack-4.1.1/lib/action_dispatch/middleware/templates/rescues/routing_error.html.erb within rescues/layout (21.0ms)


Started GET "/" for 127.0.0.1 at 2014-08-21 17:27:14 -0300
Processing by Rails::WelcomeController#index as HTML
  Rendered /home/marcelo/.rvm/gems/ruby-2.1.2/gems/railties-4.1.1/lib/rails/templates/rails/welcome/index.html.erb (0.0ms)
Completed 200 OK in 1ms (Views: 0.8ms | ActiveRecord: 0.0ms)


Started GET "/" for 127.0.0.1 at 2014-08-21 17:28:25 -0300
Processing by CandidatesController#index as HTML
  [1m[35mCandidate Load (0.3ms)[0m  SELECT "candidates".* FROM "candidates"
  Rendered candidates/index.html.erb within layouts/application (1.3ms)
Completed 200 OK in 431ms (Views: 428.9ms | ActiveRecord: 0.3ms)


Started GET "/assets/candidates.css?body=1" for 127.0.0.1 at 2014-08-21 17:28:25 -0300


Started GET "/assets/scaffolds.css?body=1" for 127.0.0.1 at 2014-08-21 17:28:25 -0300


Started GET "/assets/application.css?body=1" for 127.0.0.1 at 2014-08-21 17:28:25 -0300


Started GET "/assets/candidates.js?body=1" for 127.0.0.1 at 2014-08-21 17:28:25 -0300


Started GET "/assets/jquery_ujs.js?body=1" for 127.0.0.1 at 2014-08-21 17:28:25 -0300


Started GET "/assets/turbolinks.js?body=1" for 127.0.0.1 at 2014-08-21 17:28:25 -0300


Started GET "/assets/jquery.js?body=1" for 127.0.0.1 at 2014-08-21 17:28:25 -0300


Started GET "/assets/application.js?body=1" for 127.0.0.1 at 2014-08-21 17:28:25 -0300


Started GET "/candidates/new" for 127.0.0.1 at 2014-08-21 17:28:27 -0300
Processing by CandidatesController#new as HTML
  Rendered candidates/_form.html.erb (34.6ms)
  Rendered candidates/new.html.erb within layouts/application (36.5ms)
Completed 200 OK in 44ms (Views: 41.3ms | ActiveRecord: 0.6ms)


Started POST "/candidates" for 127.0.0.1 at 2014-08-21 17:28:30 -0300
Processing by CandidatesController#create as HTML
  Parameters: {"utf8"=>"✓", "authenticity_token"=>"Jm30fWPcM85aju68BrEvZ2eT3l/dZ2StjqE3C0pZc6Y=", "candidate"=>{"name"=>"", "cpf"=>"", "birthdate(1i)"=>"2014", "birthdate(2i)"=>"8", "birthdate(3i)"=>"21", "gender"=>""}, "commit"=>"Create Candidate"}
  [1m[36m (0.2ms)[0m  [1mbegin transaction[0m
  [1m[35mSQL (0.6ms)[0m  INSERT INTO "candidates" ("birthdate", "created_at", "gender", "name", "updated_at") VALUES (?, ?, ?, ?, ?)  [["birthdate", "2014-08-21"], ["created_at", "2014-08-21 20:28:30.868103"], ["gender", ""], ["name", ""], ["updated_at", "2014-08-21 20:28:30.868103"]]
  [1m[36m (122.2ms)[0m  [1mcommit transaction[0m
Redirected to http://localhost:3000/candidates/1
Completed 302 Found in 135ms (ActiveRecord: 123.0ms)


Started GET "/candidates/1" for 127.0.0.1 at 2014-08-21 17:28:31 -0300
Processing by CandidatesController#show as HTML
  Parameters: {"id"=>"1"}
  [1m[35mCandidate Load (0.2ms)[0m  SELECT  "candidates".* FROM "candidates"  WHERE "candidates"."id" = ? LIMIT 1  [["id", 1]]
  Rendered candidates/show.html.erb within layouts/application (1.1ms)
Completed 200 OK in 9ms (Views: 5.9ms | ActiveRecord: 0.2ms)


Started GET "/candidates" for 127.0.0.1 at 2014-08-21 17:28:35 -0300
Processing by CandidatesController#index as HTML
  [1m[36mCandidate Load (0.3ms)[0m  [1mSELECT "candidates".* FROM "candidates"[0m
  Rendered candidates/index.html.erb within layouts/application (4.2ms)
Completed 200 OK in 15ms (Views: 13.8ms | ActiveRecord: 0.3ms)


Started DELETE "/candidates/1" for 127.0.0.1 at 2014-08-21 17:28:39 -0300
Processing by CandidatesController#destroy as HTML
  Parameters: {"authenticity_token"=>"Jm30fWPcM85aju68BrEvZ2eT3l/dZ2StjqE3C0pZc6Y=", "id"=>"1"}
  [1m[35mCandidate Load (0.1ms)[0m  SELECT  "candidates".* FROM "candidates"  WHERE "candidates"."id" = ? LIMIT 1  [["id", 1]]
  [1m[36m (0.0ms)[0m  [1mbegin transaction[0m
  [1m[35mSQL (0.2ms)[0m  DELETE FROM "candidates" WHERE "candidates"."id" = ?  [["id", 1]]
  [1m[36m (122.3ms)[0m  [1mcommit transaction[0m
Redirected to http://localhost:3000/candidates
Completed 302 Found in 125ms (ActiveRecord: 122.6ms)


Started GET "/candidates" for 127.0.0.1 at 2014-08-21 17:28:39 -0300
Processing by CandidatesController#index as HTML
  [1m[35mCandidate Load (0.1ms)[0m  SELECT "candidates".* FROM "candidates"
  Rendered candidates/index.html.erb within layouts/application (0.6ms)
Completed 200 OK in 5ms (Views: 3.9ms | ActiveRecord: 0.1ms)


Started GET "/candidates/new" for 127.0.0.1 at 2014-08-21 17:28:44 -0300
Processing by CandidatesController#new as HTML
  Rendered candidates/_form.html.erb (5.2ms)
  Rendered candidates/new.html.erb within layouts/application (6.7ms)
Completed 200 OK in 13ms (Views: 12.1ms | ActiveRecord: 0.0ms)


Started GET "/candidates/new" for 127.0.0.1 at 2014-08-21 17:31:24 -0300
Processing by CandidatesController#new as HTML
  Rendered candidates/_form.html.erb (8.1ms)
  Rendered candidates/new.html.erb within layouts/application (9.0ms)
Completed 200 OK in 15ms (Views: 12.5ms | ActiveRecord: 0.4ms)


Started GET "/assets/scaffolds.css?body=1" for 127.0.0.1 at 2014-08-21 17:31:24 -0300


Started GET "/assets/turbolinks.js?body=1" for 127.0.0.1 at 2014-08-21 17:31:24 -0300


Started GET "/assets/jquery.js?body=1" for 127.0.0.1 at 2014-08-21 17:31:24 -0300


Started GET "/assets/application.css?body=1" for 127.0.0.1 at 2014-08-21 17:31:24 -0300


Started GET "/assets/candidates.css?body=1" for 127.0.0.1 at 2014-08-21 17:31:24 -0300


Started GET "/assets/jquery_ujs.js?body=1" for 127.0.0.1 at 2014-08-21 17:31:24 -0300


Started GET "/assets/candidates.js?body=1" for 127.0.0.1 at 2014-08-21 17:31:24 -0300


Started GET "/assets/application.js?body=1" for 127.0.0.1 at 2014-08-21 17:31:24 -0300


Started POST "/candidates" for 127.0.0.1 at 2014-08-21 17:31:26 -0300
Processing by CandidatesController#create as HTML
  Parameters: {"utf8"=>"✓", "authenticity_token"=>"Jm30fWPcM85aju68BrEvZ2eT3l/dZ2StjqE3C0pZc6Y=", "candidate"=>{"name"=>"", "cpf"=>"", "birthdate(1i)"=>"2014", "birthdate(2i)"=>"8", "birthdate(3i)"=>"21", "gender"=>""}, "commit"=>"Create Candidate"}
  [1m[36m (0.1ms)[0m  [1mbegin transaction[0m
  [1m[35m (0.1ms)[0m  rollback transaction
  Rendered candidates/_form.html.erb (15.5ms)
  Rendered candidates/new.html.erb within layouts/application (16.3ms)
Completed 200 OK in 32ms (Views: 23.4ms | ActiveRecord: 0.2ms)


Started GET "/assets/candidates.css?body=1" for 127.0.0.1 at 2014-08-21 17:31:26 -0300


Started GET "/assets/application.css?body=1" for 127.0.0.1 at 2014-08-21 17:31:26 -0300


Started GET "/assets/scaffolds.css?body=1" for 127.0.0.1 at 2014-08-21 17:31:26 -0300


Started GET "/assets/jquery_ujs.js?body=1" for 127.0.0.1 at 2014-08-21 17:31:26 -0300


Started GET "/assets/jquery.js?body=1" for 127.0.0.1 at 2014-08-21 17:31:26 -0300


Started GET "/assets/turbolinks.js?body=1" for 127.0.0.1 at 2014-08-21 17:31:26 -0300


Started GET "/assets/candidates.js?body=1" for 127.0.0.1 at 2014-08-21 17:31:26 -0300


Started GET "/assets/application.js?body=1" for 127.0.0.1 at 2014-08-21 17:31:26 -0300


Started POST "/candidates" for 127.0.0.1 at 2014-08-21 17:31:44 -0300
Processing by CandidatesController#create as HTML
  Parameters: {"utf8"=>"✓", "authenticity_token"=>"Jm30fWPcM85aju68BrEvZ2eT3l/dZ2StjqE3C0pZc6Y=", "candidate"=>{"name"=>"John Doe", "cpf"=>"212512122", "birthdate(1i)"=>"2014", "birthdate(2i)"=>"8", "birthdate(3i)"=>"21", "gender"=>""}, "commit"=>"Create Candidate"}
  [1m[36m (0.1ms)[0m  [1mbegin transaction[0m
  [1m[35mSQL (0.8ms)[0m  INSERT INTO "candidates" ("birthdate", "cpf", "created_at", "gender", "name", "updated_at") VALUES (?, ?, ?, ?, ?, ?)  [["birthdate", "2014-08-21"], ["cpf", 212512122], ["created_at", "2014-08-21 20:31:44.845792"], ["gender", ""], ["name", "John Doe"], ["updated_at", "2014-08-21 20:31:44.845792"]]
  [1m[36m (221.4ms)[0m  [1mcommit transaction[0m
Redirected to http://localhost:3000/candidates/2
Completed 302 Found in 229ms (ActiveRecord: 222.2ms)


Started GET "/candidates/2" for 127.0.0.1 at 2014-08-21 17:31:45 -0300
Processing by CandidatesController#show as HTML
  Parameters: {"id"=>"2"}
  [1m[35mCandidate Load (0.5ms)[0m  SELECT  "candidates".* FROM "candidates"  WHERE "candidates"."id" = ? LIMIT 1  [["id", 2]]
  Rendered candidates/show.html.erb within layouts/application (1.8ms)
Completed 200 OK in 9ms (Views: 6.8ms | ActiveRecord: 0.5ms)


Started GET "/assets/candidates.css?body=1" for 127.0.0.1 at 2014-08-21 17:31:45 -0300


Started GET "/assets/application.css?body=1" for 127.0.0.1 at 2014-08-21 17:31:45 -0300


Started GET "/assets/turbolinks.js?body=1" for 127.0.0.1 at 2014-08-21 17:31:45 -0300


Started GET "/assets/jquery.js?body=1" for 127.0.0.1 at 2014-08-21 17:31:45 -0300


Started GET "/assets/jquery_ujs.js?body=1" for 127.0.0.1 at 2014-08-21 17:31:45 -0300


Started GET "/assets/scaffolds.css?body=1" for 127.0.0.1 at 2014-08-21 17:31:45 -0300


Started GET "/assets/candidates.js?body=1" for 127.0.0.1 at 2014-08-21 17:31:45 -0300


Started GET "/assets/application.js?body=1" for 127.0.0.1 at 2014-08-21 17:31:45 -0300


Started GET "/candidates/2/edit" for 127.0.0.1 at 2014-08-21 17:31:49 -0300
Processing by CandidatesController#edit as HTML
  Parameters: {"id"=>"2"}
  [1m[36mCandidate Load (0.1ms)[0m  [1mSELECT  "candidates".* FROM "candidates"  WHERE "candidates"."id" = ? LIMIT 1[0m  [["id", 2]]
  Rendered candidates/_form.html.erb (3.5ms)
  Rendered candidates/edit.html.erb within layouts/application (4.6ms)
Completed 200 OK in 9ms (Views: 8.0ms | ActiveRecord: 0.1ms)


Started PATCH "/candidates/2" for 127.0.0.1 at 2014-08-21 17:31:56 -0300
Processing by CandidatesController#update as HTML
  Parameters: {"utf8"=>"✓", "authenticity_token"=>"Jm30fWPcM85aju68BrEvZ2eT3l/dZ2StjqE3C0pZc6Y=", "candidate"=>{"name"=>"John Doe", "cpf"=>"212512122", "birthdate(1i)"=>"2014", "birthdate(2i)"=>"7", "birthdate(3i)"=>"6", "gender"=>""}, "commit"=>"Update Candidate", "id"=>"2"}
  [1m[35mCandidate Load (0.2ms)[0m  SELECT  "candidates".* FROM "candidates"  WHERE "candidates"."id" = ? LIMIT 1  [["id", 2]]
  [1m[36m (0.1ms)[0m  [1mbegin transaction[0m
  [1m[35mSQL (0.4ms)[0m  UPDATE "candidates" SET "birthdate" = ?, "updated_at" = ? WHERE "candidates"."id" = 2  [["birthdate", "2014-07-06"], ["updated_at", "2014-08-21 20:31:56.639840"]]
  [1m[36m (189.8ms)[0m  [1mcommit transaction[0m
Redirected to http://localhost:3000/candidates/2
Completed 302 Found in 197ms (ActiveRecord: 190.5ms)


Started GET "/candidates/2" for 127.0.0.1 at 2014-08-21 17:31:56 -0300
Processing by CandidatesController#show as HTML
  Parameters: {"id"=>"2"}
  [1m[35mCandidate Load (0.1ms)[0m  SELECT  "candidates".* FROM "candidates"  WHERE "candidates"."id" = ? LIMIT 1  [["id", 2]]
  Rendered candidates/show.html.erb within layouts/application (0.5ms)
Completed 200 OK in 7ms (Views: 5.3ms | ActiveRecord: 0.1ms)


Started GET "/assets/candidates.css?body=1" for 127.0.0.1 at 2014-08-21 17:31:56 -0300


Started GET "/assets/application.css?body=1" for 127.0.0.1 at 2014-08-21 17:31:56 -0300


Started GET "/assets/jquery_ujs.js?body=1" for 127.0.0.1 at 2014-08-21 17:31:56 -0300


Started GET "/assets/scaffolds.css?body=1" for 127.0.0.1 at 2014-08-21 17:31:56 -0300


Started GET "/assets/jquery.js?body=1" for 127.0.0.1 at 2014-08-21 17:31:56 -0300


Started GET "/assets/turbolinks.js?body=1" for 127.0.0.1 at 2014-08-21 17:31:56 -0300


Started GET "/assets/candidates.js?body=1" for 127.0.0.1 at 2014-08-21 17:31:56 -0300


Started GET "/assets/application.js?body=1" for 127.0.0.1 at 2014-08-21 17:31:56 -0300


Started GET "/candidates/2/edit" for 127.0.0.1 at 2014-08-21 17:31:58 -0300
Processing by CandidatesController#edit as HTML
  Parameters: {"id"=>"2"}
  [1m[36mCandidate Load (0.2ms)[0m  [1mSELECT  "candidates".* FROM "candidates"  WHERE "candidates"."id" = ? LIMIT 1[0m  [["id", 2]]
  Rendered candidates/_form.html.erb (3.7ms)
  Rendered candidates/edit.html.erb within layouts/application (4.6ms)
Completed 200 OK in 11ms (Views: 8.6ms | ActiveRecord: 0.2ms)


Started PATCH "/candidates/2" for 127.0.0.1 at 2014-08-21 17:32:01 -0300
Processing by CandidatesController#update as HTML
  Parameters: {"utf8"=>"✓", "authenticity_token"=>"Jm30fWPcM85aju68BrEvZ2eT3l/dZ2StjqE3C0pZc6Y=", "candidate"=>{"name"=>"John Doe", "cpf"=>"212512122", "birthdate(1i)"=>"2014", "birthdate(2i)"=>"7", "birthdate(3i)"=>"6", "gender"=>"Male"}, "commit"=>"Update Candidate", "id"=>"2"}
  [1m[35mCandidate Load (0.2ms)[0m  SELECT  "candidates".* FROM "candidates"  WHERE "candidates"."id" = ? LIMIT 1  [["id", 2]]
  [1m[36m (0.1ms)[0m  [1mbegin transaction[0m
  [1m[35mSQL (0.2ms)[0m  UPDATE "candidates" SET "gender" = ?, "updated_at" = ? WHERE "candidates"."id" = 2  [["gender", "Male"], ["updated_at", "2014-08-21 20:32:01.367146"]]
  [1m[36m (232.3ms)[0m  [1mcommit transaction[0m
Redirected to http://localhost:3000/candidates/2
Completed 302 Found in 238ms (ActiveRecord: 232.8ms)


Started GET "/candidates/2" for 127.0.0.1 at 2014-08-21 17:32:01 -0300
Processing by CandidatesController#show as HTML
  Parameters: {"id"=>"2"}
  [1m[35mCandidate Load (0.2ms)[0m  SELECT  "candidates".* FROM "candidates"  WHERE "candidates"."id" = ? LIMIT 1  [["id", 2]]
  Rendered candidates/show.html.erb within layouts/application (0.8ms)
Completed 200 OK in 11ms (Views: 9.2ms | ActiveRecord: 0.2ms)


Started GET "/assets/candidates.css?body=1" for 127.0.0.1 at 2014-08-21 17:32:01 -0300


Started GET "/assets/jquery.js?body=1" for 127.0.0.1 at 2014-08-21 17:32:01 -0300


Started GET "/assets/scaffolds.css?body=1" for 127.0.0.1 at 2014-08-21 17:32:01 -0300


Started GET "/assets/turbolinks.js?body=1" for 127.0.0.1 at 2014-08-21 17:32:01 -0300


Started GET "/assets/application.css?body=1" for 127.0.0.1 at 2014-08-21 17:32:01 -0300


Started GET "/assets/jquery_ujs.js?body=1" for 127.0.0.1 at 2014-08-21 17:32:01 -0300


Started GET "/assets/candidates.js?body=1" for 127.0.0.1 at 2014-08-21 17:32:01 -0300


Started GET "/assets/application.js?body=1" for 127.0.0.1 at 2014-08-21 17:32:01 -0300
  [1m[36mActiveRecord::SchemaMigration Load (0.1ms)[0m  [1mSELECT "schema_migrations".* FROM "schema_migrations"[0m
Migrating to CreateGenders (20140821203901)
  [1m[35m (0.0ms)[0m  begin transaction
  [1m[36m (0.3ms)[0m  [1mCREATE TABLE "genders" ("id" INTEGER PRIMARY KEY AUTOINCREMENT NOT NULL, "name" varchar(255), "created_at" datetime, "updated_at" datetime) [0m
  [1m[35mSQL (0.1ms)[0m  INSERT INTO "schema_migrations" ("version") VALUES (?)  [["version", "20140821203901"]]
  [1m[36m (121.7ms)[0m  [1mcommit transaction[0m
  [1m[35mActiveRecord::SchemaMigration Load (0.2ms)[0m  SELECT "schema_migrations".* FROM "schema_migrations"
  [1m[36mActiveRecord::SchemaMigration Load (0.1ms)[0m  [1mSELECT "schema_migrations".* FROM "schema_migrations"[0m
  [1m[35m (0.0ms)[0m  begin transaction
  [1m[36mSQL (0.2ms)[0m  [1mINSERT INTO "genders" ("created_at", "name", "updated_at") VALUES (?, ?, ?)[0m  [["created_at", "2014-08-21 20:40:12.734361"], ["name", "Male"], ["updated_at", "2014-08-21 20:40:12.734361"]]
  [1m[35m (128.0ms)[0m  commit transaction
  [1m[36m (0.1ms)[0m  [1mbegin transaction[0m
  [1m[35mSQL (0.4ms)[0m  INSERT INTO "genders" ("created_at", "name", "updated_at") VALUES (?, ?, ?)  [["created_at", "2014-08-21 20:40:12.865600"], ["name", "Female"], ["updated_at", "2014-08-21 20:40:12.865600"]]
  [1m[36m (131.4ms)[0m  [1mcommit transaction[0m
  [1m[36mGender Load (1.0ms)[0m  [1mSELECT "genders".* FROM "genders"[0m
  [1m[36mGender Load (1.0ms)[0m  [1mSELECT "genders".* FROM "genders"[0m
  [1m[35mGender Load (0.4ms)[0m  SELECT "genders".* FROM "genders"


Started GET "/candidates/2" for 127.0.0.1 at 2014-08-21 17:43:59 -0300
  [1m[36mActiveRecord::SchemaMigration Load (0.1ms)[0m  [1mSELECT "schema_migrations".* FROM "schema_migrations"[0m
Processing by CandidatesController#show as HTML
  Parameters: {"id"=>"2"}
  [1m[35mCandidate Load (0.1ms)[0m  SELECT  "candidates".* FROM "candidates"  WHERE "candidates"."id" = ? LIMIT 1  [["id", 2]]
  Rendered candidates/show.html.erb within layouts/application (3.0ms)
Completed 200 OK in 9ms (Views: 6.5ms | ActiveRecord: 0.4ms)


Started GET "/assets/candidates.css?body=1" for 127.0.0.1 at 2014-08-21 17:43:59 -0300


Started GET "/assets/turbolinks.js?body=1" for 127.0.0.1 at 2014-08-21 17:43:59 -0300


Started GET "/assets/jquery.js?body=1" for 127.0.0.1 at 2014-08-21 17:43:59 -0300


Started GET "/assets/jquery_ujs.js?body=1" for 127.0.0.1 at 2014-08-21 17:43:59 -0300


Started GET "/assets/application.css?body=1" for 127.0.0.1 at 2014-08-21 17:43:59 -0300


Started GET "/assets/scaffolds.css?body=1" for 127.0.0.1 at 2014-08-21 17:43:59 -0300


Started GET "/assets/candidates.js?body=1" for 127.0.0.1 at 2014-08-21 17:43:59 -0300


Started GET "/assets/application.js?body=1" for 127.0.0.1 at 2014-08-21 17:43:59 -0300


Started GET "/candidates" for 127.0.0.1 at 2014-08-21 17:44:01 -0300
Processing by CandidatesController#index as HTML
  [1m[36mCandidate Load (0.4ms)[0m  [1mSELECT "candidates".* FROM "candidates"[0m
  Rendered candidates/index.html.erb within layouts/application (3.4ms)
Completed 200 OK in 13ms (Views: 11.6ms | ActiveRecord: 0.4ms)


Started GET "/candidates/new" for 127.0.0.1 at 2014-08-21 17:44:02 -0300
Processing by CandidatesController#new as HTML
  Rendered candidates/_form.html.erb (5.7ms)
  Rendered candidates/new.html.erb within layouts/application (6.7ms)
Completed 200 OK in 13ms (Views: 11.6ms | ActiveRecord: 0.0ms)


Started GET "/candidates/new" for 127.0.0.1 at 2014-08-21 17:44:57 -0300
Processing by CandidatesController#new as HTML
  [1m[35mGender Load (0.2ms)[0m  SELECT "genders".* FROM "genders"
  Rendered candidates/_form.html.erb (29.8ms)
  Rendered candidates/new.html.erb within layouts/application (30.6ms)
Completed 500 Internal Server Error in 33ms

ActionView::Template::Error (undefined method `gender_id' for #<Candidate:0x00000002382028>):
    25:   </div>
    26:   <div class="field">
    27:     <%= f.label :gender_id, 'Sexo:' %><br>
    28:     <%= f.select :gender_id, make_genders_drop_down %>
    29:   </div>
    30:   <div class="actions">
    31:     <%= f.submit %>
  app/views/candidates/_form.html.erb:28:in `block in _app_views_candidates__form_html_erb___1006376729565501468_18537560'
  app/views/candidates/_form.html.erb:1:in `_app_views_candidates__form_html_erb___1006376729565501468_18537560'
  app/views/candidates/new.html.erb:3:in `_app_views_candidates_new_html_erb__1575113359977357112_11363040'


  Rendered /home/marcelo/.rvm/gems/ruby-2.1.2/gems/actionpack-4.1.1/lib/action_dispatch/middleware/templates/rescues/_trace.html.erb (6.0ms)
  Rendered /home/marcelo/.rvm/gems/ruby-2.1.2/gems/actionpack-4.1.1/lib/action_dispatch/middleware/templates/rescues/_request_and_response.html.erb (0.8ms)
  Rendered /home/marcelo/.rvm/gems/ruby-2.1.2/gems/actionpack-4.1.1/lib/action_dispatch/middleware/templates/rescues/template_error.html.erb within rescues/layout (14.5ms)


Started GET "/candidates/new" for 127.0.0.1 at 2014-08-21 17:45:54 -0300
Processing by CandidatesController#new as HTML
  [1m[36mGender Load (0.1ms)[0m  [1mSELECT "genders".* FROM "genders"[0m
  Rendered candidates/_form.html.erb (9.6ms)
  Rendered candidates/new.html.erb within layouts/application (10.1ms)
Completed 500 Internal Server Error in 14ms

ActionView::Template::Error (undefined method `gender_id' for #<Candidate:0x007ff7bcf47db8>):
    25:   </div>
    26:   <div class="field">
    27:     <%= f.label :gender_id, 'Sexo:' %><br>
    28:     <%= f.select :gender_id, make_genders_drop_down %>
    29:   </div>
    30:   <div class="actions">
    31:     <%= f.submit %>
  app/views/candidates/_form.html.erb:28:in `block in _app_views_candidates__form_html_erb___1006376729565501468_70351001879820'
  app/views/candidates/_form.html.erb:1:in `_app_views_candidates__form_html_erb___1006376729565501468_70351001879820'
  app/views/candidates/new.html.erb:3:in `_app_views_candidates_new_html_erb__1575113359977357112_11363040'


  Rendered /home/marcelo/.rvm/gems/ruby-2.1.2/gems/actionpack-4.1.1/lib/action_dispatch/middleware/templates/rescues/_trace.html.erb (1.1ms)
  Rendered /home/marcelo/.rvm/gems/ruby-2.1.2/gems/actionpack-4.1.1/lib/action_dispatch/middleware/templates/rescues/_request_and_response.html.erb (0.7ms)
  Rendered /home/marcelo/.rvm/gems/ruby-2.1.2/gems/actionpack-4.1.1/lib/action_dispatch/middleware/templates/rescues/template_error.html.erb within rescues/layout (9.2ms)


Started GET "/candidates/new" for 127.0.0.1 at 2014-08-21 17:45:55 -0300
Processing by CandidatesController#new as HTML
  [1m[35mGender Load (0.2ms)[0m  SELECT "genders".* FROM "genders"
  Rendered candidates/_form.html.erb (5.3ms)
  Rendered candidates/new.html.erb within layouts/application (6.1ms)
Completed 500 Internal Server Error in 9ms

ActionView::Template::Error (undefined method `gender_id' for #<Candidate:0x00000005000b40>):
    25:   </div>
    26:   <div class="field">
    27:     <%= f.label :gender_id, 'Sexo:' %><br>
    28:     <%= f.select :gender_id, make_genders_drop_down %>
    29:   </div>
    30:   <div class="actions">
    31:     <%= f.submit %>
  app/views/candidates/_form.html.erb:28:in `block in _app_views_candidates__form_html_erb___1006376729565501468_70351001879820'
  app/views/candidates/_form.html.erb:1:in `_app_views_candidates__form_html_erb___1006376729565501468_70351001879820'
  app/views/candidates/new.html.erb:3:in `_app_views_candidates_new_html_erb__1575113359977357112_11363040'


  Rendered /home/marcelo/.rvm/gems/ruby-2.1.2/gems/actionpack-4.1.1/lib/action_dispatch/middleware/templates/rescues/_trace.html.erb (1.1ms)
  Rendered /home/marcelo/.rvm/gems/ruby-2.1.2/gems/actionpack-4.1.1/lib/action_dispatch/middleware/templates/rescues/_request_and_response.html.erb (0.7ms)
  Rendered /home/marcelo/.rvm/gems/ruby-2.1.2/gems/actionpack-4.1.1/lib/action_dispatch/middleware/templates/rescues/template_error.html.erb within rescues/layout (9.2ms)


Started GET "/candidates/new" for 127.0.0.1 at 2014-08-21 17:46:38 -0300
Processing by CandidatesController#new as HTML
  [1m[36mGender Load (0.1ms)[0m  [1mSELECT "genders".* FROM "genders"[0m
  Rendered candidates/_form.html.erb (9.2ms)
  Rendered candidates/new.html.erb within layouts/application (9.6ms)
Completed 500 Internal Server Error in 13ms

ActionView::Template::Error (undefined method `gender_id' for #<Candidate:0x00000004ad4a40>):
    25:   </div>
    26:   <div class="field">
    27:     <%= f.label :gender_id, 'Sexo:' %><br>
    28:     <%= f.select :gender_id, make_genders_drop_down %>
    29:   </div>
    30:   <div class="actions">
    31:     <%= f.submit %>
  app/views/candidates/_form.html.erb:28:in `block in _app_views_candidates__form_html_erb___1006376729565501468_70351001879820'
  app/views/candidates/_form.html.erb:1:in `_app_views_candidates__form_html_erb___1006376729565501468_70351001879820'
  app/views/candidates/new.html.erb:3:in `_app_views_candidates_new_html_erb__1575113359977357112_11363040'


  Rendered /home/marcelo/.rvm/gems/ruby-2.1.2/gems/actionpack-4.1.1/lib/action_dispatch/middleware/templates/rescues/_trace.html.erb (1.1ms)
  Rendered /home/marcelo/.rvm/gems/ruby-2.1.2/gems/actionpack-4.1.1/lib/action_dispatch/middleware/templates/rescues/_request_and_response.html.erb (0.8ms)
  Rendered /home/marcelo/.rvm/gems/ruby-2.1.2/gems/actionpack-4.1.1/lib/action_dispatch/middleware/templates/rescues/template_error.html.erb within rescues/layout (8.9ms)


Started GET "/candidates/new" for 127.0.0.1 at 2014-08-21 17:46:39 -0300
Processing by CandidatesController#new as HTML
  [1m[35mGender Load (0.1ms)[0m  SELECT "genders".* FROM "genders"
  Rendered candidates/_form.html.erb (3.6ms)
  Rendered candidates/new.html.erb within layouts/application (4.0ms)
Completed 500 Internal Server Error in 7ms

ActionView::Template::Error (undefined method `gender_id' for #<Candidate:0x00000004651950>):
    25:   </div>
    26:   <div class="field">
    27:     <%= f.label :gender_id, 'Sexo:' %><br>
    28:     <%= f.select :gender_id, make_genders_drop_down %>
    29:   </div>
    30:   <div class="actions">
    31:     <%= f.submit %>
  app/views/candidates/_form.html.erb:28:in `block in _app_views_candidates__form_html_erb___1006376729565501468_70351001879820'
  app/views/candidates/_form.html.erb:1:in `_app_views_candidates__form_html_erb___1006376729565501468_70351001879820'
  app/views/candidates/new.html.erb:3:in `_app_views_candidates_new_html_erb__1575113359977357112_11363040'


  Rendered /home/marcelo/.rvm/gems/ruby-2.1.2/gems/actionpack-4.1.1/lib/action_dispatch/middleware/templates/rescues/_trace.html.erb (1.2ms)
  Rendered /home/marcelo/.rvm/gems/ruby-2.1.2/gems/actionpack-4.1.1/lib/action_dispatch/middleware/templates/rescues/_request_and_response.html.erb (0.9ms)
  Rendered /home/marcelo/.rvm/gems/ruby-2.1.2/gems/actionpack-4.1.1/lib/action_dispatch/middleware/templates/rescues/template_error.html.erb within rescues/layout (9.8ms)
  [1m[36mGender Load (0.3ms)[0m  [1mSELECT "genders".* FROM "genders"[0m


Started GET "/candidates/new" for 127.0.0.1 at 2014-08-21 17:48:06 -0300
Processing by CandidatesController#new as HTML
  [1m[36mGender Load (0.2ms)[0m  [1mSELECT "genders".* FROM "genders"[0m
  Rendered candidates/_form.html.erb (6.0ms)
  Rendered candidates/new.html.erb within layouts/application (7.1ms)
Completed 500 Internal Server Error in 11ms

ActionView::Template::Error (undefined method `gender_id' for #<Candidate:0x0000000346b088>):
    25:   </div>
    26:   <div class="field">
    27:     <%= f.label :gender_id, 'Sexo:' %><br>
    28:     <%= f.select :gender_id, make_genders_drop_down %>
    29:   </div>
    30:   <div class="actions">
    31:     <%= f.submit %>
  app/views/candidates/_form.html.erb:28:in `block in _app_views_candidates__form_html_erb___1006376729565501468_70351001879820'
  app/views/candidates/_form.html.erb:1:in `_app_views_candidates__form_html_erb___1006376729565501468_70351001879820'
  app/views/candidates/new.html.erb:3:in `_app_views_candidates_new_html_erb__1575113359977357112_11363040'


  Rendered /home/marcelo/.rvm/gems/ruby-2.1.2/gems/actionpack-4.1.1/lib/action_dispatch/middleware/templates/rescues/_trace.html.erb (1.1ms)
  Rendered /home/marcelo/.rvm/gems/ruby-2.1.2/gems/actionpack-4.1.1/lib/action_dispatch/middleware/templates/rescues/_request_and_response.html.erb (0.8ms)
  Rendered /home/marcelo/.rvm/gems/ruby-2.1.2/gems/actionpack-4.1.1/lib/action_dispatch/middleware/templates/rescues/template_error.html.erb within rescues/layout (9.1ms)


Started GET "/candidates/new" for 127.0.0.1 at 2014-08-21 17:48:14 -0300
Processing by CandidatesController#new as HTML
  [1m[35mGender Load (0.2ms)[0m  SELECT "genders".* FROM "genders"
  Rendered candidates/_form.html.erb (5.9ms)
  Rendered candidates/new.html.erb within layouts/application (6.8ms)
Completed 200 OK in 15ms (Views: 13.7ms | ActiveRecord: 0.2ms)


Started GET "/assets/candidates.css?body=1" for 127.0.0.1 at 2014-08-21 17:48:14 -0300


Started GET "/assets/jquery.js?body=1" for 127.0.0.1 at 2014-08-21 17:48:14 -0300


Started GET "/assets/application.css?body=1" for 127.0.0.1 at 2014-08-21 17:48:14 -0300


Started GET "/assets/jquery_ujs.js?body=1" for 127.0.0.1 at 2014-08-21 17:48:14 -0300


Started GET "/assets/candidates.js?body=1" for 127.0.0.1 at 2014-08-21 17:48:14 -0300


Started GET "/assets/scaffolds.css?body=1" for 127.0.0.1 at 2014-08-21 17:48:14 -0300


Started GET "/assets/turbolinks.js?body=1" for 127.0.0.1 at 2014-08-21 17:48:14 -0300


Started GET "/assets/application.js?body=1" for 127.0.0.1 at 2014-08-21 17:48:14 -0300


Started POST "/candidates" for 127.0.0.1 at 2014-08-21 17:48:36 -0300
Processing by CandidatesController#create as HTML
  Parameters: {"utf8"=>"✓", "authenticity_token"=>"Jm30fWPcM85aju68BrEvZ2eT3l/dZ2StjqE3C0pZc6Y=", "candidate"=>{"name"=>"John Doe", "cpf"=>"12312312", "birthdate(1i)"=>"2014", "birthdate(2i)"=>"8", "birthdate(3i)"=>"21", "gender"=>"1"}, "commit"=>"Create Candidate"}
  [1m[36m (0.1ms)[0m  [1mbegin transaction[0m
  [1m[35mSQL (0.5ms)[0m  INSERT INTO "candidates" ("birthdate", "cpf", "created_at", "gender", "name", "updated_at") VALUES (?, ?, ?, ?, ?, ?)  [["birthdate", "2014-08-21"], ["cpf", 12312312], ["created_at", "2014-08-21 20:48:36.971142"], ["gender", "1"], ["name", "John Doe"], ["updated_at", "2014-08-21 20:48:36.971142"]]
  [1m[36m (171.6ms)[0m  [1mcommit transaction[0m
Redirected to http://localhost:3000/candidates/3
Completed 302 Found in 179ms (ActiveRecord: 172.3ms)


Started GET "/candidates/3" for 127.0.0.1 at 2014-08-21 17:48:37 -0300
Processing by CandidatesController#show as HTML
  Parameters: {"id"=>"3"}
  [1m[35mCandidate Load (0.2ms)[0m  SELECT  "candidates".* FROM "candidates"  WHERE "candidates"."id" = ? LIMIT 1  [["id", 3]]
  Rendered candidates/show.html.erb within layouts/application (0.3ms)
Completed 200 OK in 5ms (Views: 3.5ms | ActiveRecord: 0.2ms)


Started GET "/assets/candidates.css?body=1" for 127.0.0.1 at 2014-08-21 17:48:37 -0300


Started GET "/assets/scaffolds.css?body=1" for 127.0.0.1 at 2014-08-21 17:48:37 -0300


Started GET "/assets/application.css?body=1" for 127.0.0.1 at 2014-08-21 17:48:37 -0300


Started GET "/assets/turbolinks.js?body=1" for 127.0.0.1 at 2014-08-21 17:48:37 -0300


Started GET "/assets/jquery.js?body=1" for 127.0.0.1 at 2014-08-21 17:48:37 -0300


Started GET "/assets/jquery_ujs.js?body=1" for 127.0.0.1 at 2014-08-21 17:48:37 -0300


Started GET "/assets/candidates.js?body=1" for 127.0.0.1 at 2014-08-21 17:48:37 -0300


Started GET "/assets/application.js?body=1" for 127.0.0.1 at 2014-08-21 17:48:37 -0300


Started GET "/candidates" for 127.0.0.1 at 2014-08-21 17:48:48 -0300
Processing by CandidatesController#index as HTML
  [1m[36mCandidate Load (0.1ms)[0m  [1mSELECT "candidates".* FROM "candidates"[0m
  Rendered candidates/index.html.erb within layouts/application (1.4ms)
Completed 200 OK in 5ms (Views: 4.5ms | ActiveRecord: 0.1ms)


Started GET "/candidates/new" for 127.0.0.1 at 2014-08-21 17:48:51 -0300
Processing by CandidatesController#new as HTML
  [1m[35mGender Load (0.2ms)[0m  SELECT "genders".* FROM "genders"
  Rendered candidates/_form.html.erb (4.0ms)
  Rendered candidates/new.html.erb within layouts/application (4.7ms)
Completed 200 OK in 10ms (Views: 8.6ms | ActiveRecord: 0.2ms)


Started GET "/candidates/new" for 127.0.0.1 at 2014-08-21 17:49:05 -0300
Processing by CandidatesController#new as HTML
  [1m[36mGender Load (0.2ms)[0m  [1mSELECT "genders".* FROM "genders"[0m
  Rendered candidates/_form.html.erb (8.2ms)
  Rendered candidates/new.html.erb within layouts/application (9.3ms)
Completed 200 OK in 16ms (Views: 14.6ms | ActiveRecord: 0.2ms)


Started GET "/assets/candidates.css?body=1" for 127.0.0.1 at 2014-08-21 17:49:05 -0300


Started GET "/assets/application.css?body=1" for 127.0.0.1 at 2014-08-21 17:49:05 -0300


Started GET "/assets/jquery_ujs.js?body=1" for 127.0.0.1 at 2014-08-21 17:49:05 -0300


Started GET "/assets/scaffolds.css?body=1" for 127.0.0.1 at 2014-08-21 17:49:05 -0300


Started GET "/assets/jquery.js?body=1" for 127.0.0.1 at 2014-08-21 17:49:05 -0300


Started GET "/assets/turbolinks.js?body=1" for 127.0.0.1 at 2014-08-21 17:49:05 -0300


Started GET "/assets/candidates.js?body=1" for 127.0.0.1 at 2014-08-21 17:49:05 -0300


Started GET "/assets/application.js?body=1" for 127.0.0.1 at 2014-08-21 17:49:05 -0300
